<?xml version="1.0" encoding="UTF-8" ?>
<testsuites disabled="0" errors="0" failures="0" tests="4" time="3">
 <testsuite name="Test isNumeric" timestamp="2018-02-22T08:57:16" hostname="localhost" time="0.003" errors="0" tests="4" skipped="0" disabled="0" failures="0">
  <testcase classname="Test isNumeric" name="Test 10" time="0" />
  <testcase classname="Test isNumeric" name="Test &apos;10&apos;" time="0" />
  <testcase classname="Test isNumeric" name="Test &apos;Bryan&apos;" time="0" />
  <testcase classname="Test isNumeric" name="test &apos;324-32&apos;" time="0.002" />
 </testsuite>
</testsuites>