<?xml version="1.0" encoding="UTF-8" ?>
<testsuites disabled="0" errors="0" failures="0" tests="18" time="12">
 <testsuite name="Testing population tool" timestamp="2018-02-22T08:35:13" hostname="localhost" time="0.006" errors="0" tests="1" skipped="0" disabled="0" failures="0">
  <testcase classname="Testing population tool" name="Input length is 4" time="0" />
 </testsuite>
 <testsuite name="Testing population tool.Object Tests" timestamp="2018-02-22T08:35:13" hostname="localhost" time="0.002" errors="0" tests="4" skipped="0" disabled="0" failures="0">
  <testcase classname="Testing population tool.Object Tests" name="Result Length is 3" time="0" />
  <testcase classname="Testing population tool.Object Tests" name="First Value 10" time="0" />
  <testcase classname="Testing population tool.Object Tests" name="First Value 20" time="0.001" />
  <testcase classname="Testing population tool.Object Tests" name="First Value 30" time="0" />
 </testsuite>
 <testsuite name="Testing population tool.Primative Tests" timestamp="2018-02-22T08:35:13" hostname="localhost" time="0.003" errors="0" tests="9" skipped="0" disabled="0" failures="0">
  <testcase classname="Testing population tool.Primative Tests" name="Result Length is 3" time="0.001" />
  <testcase classname="Testing population tool.Primative Tests" name="First Value 10" time="0" />
  <testcase classname="Testing population tool.Primative Tests" name="First Value 20" time="0" />
  <testcase classname="Testing population tool.Primative Tests" name="First Value 30" time="0" />
  <testcase classname="Testing population tool.Primative Tests" name="Result Length is 3" time="0" />
  <testcase classname="Testing population tool.Primative Tests" name="First Value 10" time="0" />
  <testcase classname="Testing population tool.Primative Tests" name="First Value 20" time="0" />
  <testcase classname="Testing population tool.Primative Tests" name="First Value 30" time="0.002" />
  <testcase classname="Testing population tool.Primative Tests" name="Non numeric array length = 0" time="0" />
 </testsuite>
 <testsuite name="Testing population tool.Mean failure check" timestamp="2018-02-22T08:35:13" hostname="localhost" time="0.001" errors="0" tests="4" skipped="0" disabled="0" failures="0">
  <testcase classname="Testing population tool.Mean failure check" name="Mixed Array Length = 3" time="0" />
  <testcase classname="Testing population tool.Mean failure check" name="Mixed Array [0] ==&gt; 10" time="0.001" />
  <testcase classname="Testing population tool.Mean failure check" name="Mixed Array [1] ==&gt; 12" time="0" />
  <testcase classname="Testing population tool.Mean failure check" name="Mixed Array [2] ==&gt; 13" time="0" />
 </testsuite>
</testsuites>