<?xml version="1.0" encoding="UTF-8" ?>
<testsuites disabled="0" errors="0" failures="0" tests="4" time="2">
 <testsuite name="Mean Tests" timestamp="2018-02-22T08:57:16" hostname="localhost" time="0.002" errors="0" tests="4" skipped="0" disabled="0" failures="0">
  <testcase classname="Mean Tests" name="mean for fieldA == 11.6667" time="0.001" />
  <testcase classname="Mean Tests" name="string array should have a mean of null" time="0" />
  <testcase classname="Mean Tests" name="number array should have a mean of 11.6667" time="0" />
  <testcase classname="Mean Tests" name="Mixed array should have a mean of 11.6667" time="0.001" />
 </testsuite>
</testsuites>