<?xml version="1.0" encoding="UTF-8" ?>
<testsuites disabled="0" errors="0" failures="0" tests="5" time="107">
 <testsuite name="Test isdate" timestamp="2018-02-22T01:21:24" hostname="localhost" time="0.107" errors="0" tests="5" skipped="0" disabled="0" failures="0">
  <testcase classname="Test isdate" name="Passing new Date =&gt; true" time="0.003" />
  <testcase classname="Test isdate" name="Passing string Date =&gt; true" time="0.097" />
  <testcase classname="Test isdate" name="Test passing null =&gt; false" time="0.001" />
  <testcase classname="Test isdate" name="Test passing zero length string =&gt; false" time="0.001" />
  <testcase classname="Test isdate" name="Test passing invalid date" time="0" />
 </testsuite>
</testsuites>