<?xml version="1.0" encoding="UTF-8" ?>
<testsuites disabled="0" errors="0" failures="0" tests="2" time="3">
 <testsuite name="SafePromise Tests" timestamp="2018-02-22T08:35:13" hostname="localhost" time="0.003" errors="0" tests="2" skipped="0" disabled="0" failures="0">
  <testcase classname="SafePromise Tests" name="Test success" time="0.001" />
  <testcase classname="SafePromise Tests" name="Test Failure" time="0.002" />
 </testsuite>
</testsuites>